<?xml version="1.0" encoding="UTF-8"?>
<!-- Generated by org.testng.reporters.JUnitReportReporter -->
<testsuite hostname="Hari" name="com.petstore.PetTests" tests="2" failures="0" timestamp="12 Jul 2021 08:17:19 GMT" time="118.296" errors="0">
  <testcase name="addNewPet" time="116.707" classname="com.petstore.PetTests"/>
  <testcase name="verifyNewPet" time="1.589" classname="com.petstore.PetTests"/>
</testsuite> <!-- com.petstore.PetTests -->
