<?xml version="1.0" encoding="UTF-8"?>
<!-- Generated by org.testng.reporters.JUnitReportReporter -->
<testsuite hostname="Hari" name="TC001_Post_Request_createPet" tests="2" failures="0" timestamp="12 Jul 2021 10:26:59 GMT" time="19.146" errors="0">
  <testcase name="addNewPet" time="5.770" classname="TC001_Post_Request_createPet"/>
  <testcase name="verifyNewPet" time="13.376" classname="TC001_Post_Request_createPet"/>
</testsuite> <!-- TC001_Post_Request_createPet -->
