<?xml version="1.0" encoding="UTF-8"?>
<!-- Generated by org.testng.reporters.JUnitReportReporter -->
<testsuite hostname="Hari" name="TC002_POST_Request" tests="1" failures="0" timestamp="10 Jul 2021 15:52:46 GMT" time="3.057" errors="0">
  <testcase name="googleMapTest" time="3.057" classname="TC002_POST_Request"/>
</testsuite> <!-- TC002_POST_Request -->
