<?xml version="1.0" encoding="UTF-8"?>
<!-- Generated by org.testng.reporters.JUnitReportReporter -->
<testsuite hostname="Hari" name="petStoreTest" tests="2" failures="0" timestamp="12 Jul 2021 14:09:41 GMT" time="132.012" errors="0">
  <testcase name="addNewPet" time="5.479" classname="petStoreTest"/>
  <testcase name="verifyNewPet" time="126.533" classname="petStoreTest"/>
</testsuite> <!-- petStoreTest -->
