<?xml version="1.0" encoding="UTF-8"?>
<!-- Generated by org.testng.reporters.JUnitReportReporter -->
<testsuite hostname="Hari" name="com.petstore.PetTests.petStoreTest" tests="2" failures="0" timestamp="12 Jul 2021 14:21:44 GMT" time="90.940" errors="0">
  <testcase name="verifyNewPet" time="85.687" classname="com.petstore.PetTests.petStoreTest"/>
  <testcase name="addNewPet" time="5.253" classname="com.petstore.PetTests.petStoreTest"/>
</testsuite> <!-- com.petstore.PetTests.petStoreTest -->
